<html>
<head>
<title>TestNG:  Testng</title>
<link href="../testng.css" rel="stylesheet" type="text/css" />
<link href="../my-testng.css" rel="stylesheet" type="text/css" />

<style type="text/css">
.log { display: none;} 
.stack-trace { display: none;} 
</style>
<script type="text/javascript">
<!--
function flip(e) {
  current = e.style.display;
  if (current == 'block') {
    e.style.display = 'none';
    return 0;
  }
  else {
    e.style.display = 'block';
    return 1;
  }
}

function toggleBox(szDivId, elem, msg1, msg2)
{
  var res = -1;  if (document.getElementById) {
    res = flip(document.getElementById(szDivId));
  }
  else if (document.all) {
    // this is the way old msie versions work
    res = flip(document.all[szDivId]);
  }
  if(elem) {
    if(res == 0) elem.innerHTML = msg1; else elem.innerHTML = msg2;
  }

}

function toggleAllBoxes() {
  if (document.getElementsByTagName) {
    d = document.getElementsByTagName('div');
    for (i = 0; i < d.length; i++) {
      if (d[i].className == 'log') {
        flip(d[i]);
      }
    }
  }
}

// -->
</script>

</head>
<body>
<h2 align='center'>Testng</h2><table border='1' align="center">
<tr>
<td>Tests passed/Failed/Skipped:</td><td>11/1/1</td>
</tr><tr>
<td>Started on:</td><td>Thu Apr 11 17:23:55 IST 2024</td>
</tr>
<tr><td>Total time:</td><td>281 seconds (281429 ms)</td>
</tr><tr>
<td>Included groups:</td><td></td>
</tr><tr>
<td>Excluded groups:</td><td></td>
</tr>
</table><p/>
<small><i>(Hover the method name to see the test class name)</i></small><p/>
<table width='100%' border='1' class='invocation-failed'>
<tr><td colspan='4' align='center'><b>FAILED CONFIGURATIONS</b></td></tr>
<tr><td><b>Test method</b></td>
<td width="30%"><b>Exception</b></td>
<td width="10%"><b>Time (seconds)</b></td>
<td><b>Instance</b></td>
</tr>
<tr>
<td title='capstone.pharmeasy.pim.PharmeasyTest.afterMethod()'><b>afterMethod</b><br>Test class: capstone.pharmeasy.pim.PharmeasyTest<br>Parameters: [TestResult name=pharmeasyOrderFromValuetest status=FAILURE method=PharmeasyTest.pharmeasyOrderFromValuetest()[pri:3, instance:capstone.pharmeasy.pim.PharmeasyTest@2ddc9a9f] output={null}]</td>
<td><div><pre>java.lang.NullPointerException
	at capstone.pharmeasy.utils.TestUtility.capturescreenshot(TestUtility.java:16)
	at capstone.pharmeasy.reports.CustomReports.finishReportAfterTest(CustomReports.java:38)
	at capstone.pharmeasy.pim.Browser.afterMethod(Browser.java:56)
	at java.base/java.util.ArrayList.forEach(ArrayList.java:1541)
... Removed 32 stack frames</pre></div><a href='#' onClick='toggleBox("stack-trace1556201248", this, "Click to show all stack frames", "Click to hide stack frames")'>Click to show all stack frames</a>
<div class='stack-trace' id='stack-trace1556201248'><pre>java.lang.NullPointerException
	at capstone.pharmeasy.utils.TestUtility.capturescreenshot(TestUtility.java:16)
	at capstone.pharmeasy.reports.CustomReports.finishReportAfterTest(CustomReports.java:38)
	at capstone.pharmeasy.pim.Browser.afterMethod(Browser.java:56)
	at java.base/jdk.internal.reflect.NativeMethodAccessorImpl.invoke0(Native Method)
	at java.base/jdk.internal.reflect.NativeMethodAccessorImpl.invoke(NativeMethodAccessorImpl.java:62)
	at java.base/jdk.internal.reflect.DelegatingMethodAccessorImpl.invoke(DelegatingMethodAccessorImpl.java:43)
	at java.base/java.lang.reflect.Method.invoke(Method.java:566)
	at org.testng.internal.MethodInvocationHelper.invokeMethod(MethodInvocationHelper.java:133)
	at org.testng.internal.MethodInvocationHelper.invokeMethodConsideringTimeout(MethodInvocationHelper.java:62)
	at org.testng.internal.ConfigInvoker.invokeConfigurationMethod(ConfigInvoker.java:340)
	at org.testng.internal.ConfigInvoker.invokeConfigurations(ConfigInvoker.java:294)
	at org.testng.internal.TestInvoker.runConfigMethods(TestInvoker.java:683)
	at org.testng.internal.TestInvoker.runAfterGroupsConfigurations(TestInvoker.java:658)
	at org.testng.internal.TestInvoker.invokeMethod(TestInvoker.java:642)
	at org.testng.internal.TestInvoker.invokeTestMethod(TestInvoker.java:172)
	at org.testng.internal.MethodRunner.runInSequence(MethodRunner.java:46)
	at org.testng.internal.TestInvoker$MethodInvocationAgent.invoke(TestInvoker.java:804)
	at org.testng.internal.TestInvoker.invokeTestMethods(TestInvoker.java:145)
	at org.testng.internal.TestMethodWorker.invokeTestMethods(TestMethodWorker.java:146)
	at org.testng.internal.TestMethodWorker.run(TestMethodWorker.java:128)
	at java.base/java.util.ArrayList.forEach(ArrayList.java:1541)
	at org.testng.TestRunner.privateRun(TestRunner.java:770)
	at org.testng.TestRunner.run(TestRunner.java:591)
	at org.testng.SuiteRunner.runTest(SuiteRunner.java:402)
	at org.testng.SuiteRunner.runSequentially(SuiteRunner.java:396)
	at org.testng.SuiteRunner.privateRun(SuiteRunner.java:355)
	at org.testng.SuiteRunner.run(SuiteRunner.java:304)
	at org.testng.SuiteRunnerWorker.runSuite(SuiteRunnerWorker.java:53)
	at org.testng.SuiteRunnerWorker.run(SuiteRunnerWorker.java:96)
	at org.testng.TestNG.runSuitesSequentially(TestNG.java:1180)
	at org.testng.TestNG.runSuitesLocally(TestNG.java:1102)
	at org.testng.TestNG.runSuites(TestNG.java:1032)
	at org.testng.TestNG.run(TestNG.java:1000)
	at org.testng.remote.AbstractRemoteTestNG.run(AbstractRemoteTestNG.java:115)
	at org.testng.remote.RemoteTestNG.initAndRun(RemoteTestNG.java:251)
	at org.testng.remote.RemoteTestNG.main(RemoteTestNG.java:77)
</pre></div></td>
<td>3</td>
<td>capstone.pharmeasy.pim.PharmeasyTest@2ddc9a9f</td></tr>
</table><p>
<table width='100%' border='1' class='invocation-skipped'>
<tr><td colspan='4' align='center'><b>SKIPPED CONFIGURATIONS</b></td></tr>
<tr><td><b>Test method</b></td>
<td width="30%"><b>Exception</b></td>
<td width="10%"><b>Time (seconds)</b></td>
<td><b>Instance</b></td>
</tr>
<tr>
<td title='capstone.pharmeasy.pim.PharmeasyTest.afterMethod()'><b>afterMethod</b><br>Test class: capstone.pharmeasy.pim.PharmeasyTest</td>
<td></td>
<td>-1712836680</td>
<td>capstone.pharmeasy.pim.PharmeasyTest@2ddc9a9f</td></tr>
<tr>
<td title='capstone.pharmeasy.pim.PharmeasyTest.afterClass()'><b>afterClass</b><br>Test class: capstone.pharmeasy.pim.PharmeasyTest</td>
<td></td>
<td>-1712836680</td>
<td>capstone.pharmeasy.pim.PharmeasyTest@2ddc9a9f</td></tr>
</table><p>
<table width='100%' border='1' class='invocation-failed'>
<tr><td colspan='4' align='center'><b>FAILED TESTS</b></td></tr>
<tr><td><b>Test method</b></td>
<td width="30%"><b>Exception</b></td>
<td width="10%"><b>Time (seconds)</b></td>
<td><b>Instance</b></td>
</tr>
<tr>
<td title='capstone.pharmeasy.pim.PharmeasyTest.pharmeasyOrderFromValuetest()'><b>pharmeasyOrderFromValuetest</b><br>Test class: capstone.pharmeasy.pim.PharmeasyTest</td>
<td><div><pre>org.openqa.selenium.ElementClickInterceptedException: element click intercepted: Element &lt;li class=&quot;MuiButtonBase-root MuiListItem-root MuiMenuItem-root Select_listRoot__QBKiS QuantitySelector_menuItemsRoot__XWmq1 MuiMenuItem-gutters MuiListItem-gutters MuiListItem-button&quot; tabindex=&quot;0&quot; role=&quot;option&quot; aria-disabled=&quot;false&quot; data-value=&quot;1&quot;&gt;...&lt;/li&gt; is not clickable at point (89, 325). Other element would receive the click: &lt;li class=&quot;MuiButtonBase-root MuiListItem-root MuiMenuItem-root Select_listRoot__QBKiS QuantitySelector_menuItemsRoot__XWmq1 MuiMenuItem-gutters MuiListItem-gutters MuiListItem-button&quot; tabindex=&quot;-1&quot; role=&quot;option&quot; aria-disabled=&quot;false&quot; data-value=&quot;3&quot;&gt;...&lt;/li&gt;
  (Session info: MicrosoftEdge=123.0.2420.81)
Build info: version: &apos;4.13.0&apos;, revision: &apos;ba948ece5b*&apos;
System info: os.name: &apos;Windows 11&apos;, os.arch: &apos;amd64&apos;, os.version: &apos;10.0&apos;, java.version: &apos;11.0.22&apos;
Driver info: org.openqa.selenium.edge.EdgeDriver
Command: [9a079824632424e0529b008a3c170f9d, clickElement {id=f.ABDF7E8D3D11AB75AA2F14EF069544D0.d.39AECE41A258A470B86850EE9DBD7F63.e.952}]
Capabilities {acceptInsecureCerts: false, browserName: MicrosoftEdge, browserVersion: 123.0.2420.81, fedcm:accounts: true, ms:edgeOptions: {debuggerAddress: localhost:59952}, msedge: {msedgedriverVersion: 123.0.2420.81 (8acdca46cf48..., userDataDir: C:\Users\p1357920\AppData\L...}, networkConnectionEnabled: false, pageLoadStrategy: normal, platformName: windows, proxy: Proxy(), se:cdp: ws://localhost:59952/devtoo..., se:cdpVersion: 123.0.2420.81, setWindowRect: true, strictFileInteractability: false, timeouts: {implicit: 0, pageLoad: 300000, script: 30000}, unhandledPromptBehavior: dismiss and notify, webauthn:extension:credBlob: true, webauthn:extension:largeBlob: true, webauthn:extension:minPinLength: true, webauthn:extension:prf: true, webauthn:virtualAuthenticators: true}
Element: [[EdgeDriver: MicrosoftEdge on windows (9a079824632424e0529b008a3c170f9d)] -&gt; xpath: //li[normalize-space()=&apos;1&apos;]]
Session ID: 9a079824632424e0529b008a3c170f9d
	at org.openqa.selenium.remote.codec.w3c.W3CHttpResponseCodec.createException(W3CHttpResponseCodec.java:200)
	at org.openqa.selenium.remote.codec.w3c.W3CHttpResponseCodec.decode(W3CHttpResponseCodec.java:133)
	at org.openqa.selenium.remote.codec.w3c.W3CHttpResponseCodec.decode(W3CHttpResponseCodec.java:52)
	at org.openqa.selenium.remote.HttpCommandExecutor.execute(HttpCommandExecutor.java:191)
	at org.openqa.selenium.remote.service.DriverCommandExecutor.invokeExecute(DriverCommandExecutor.java:196)
	at org.openqa.selenium.remote.service.DriverCommandExecutor.execute(DriverCommandExecutor.java:171)
	at org.openqa.selenium.remote.RemoteWebDriver.execute(RemoteWebDriver.java:602)
	at org.openqa.selenium.remote.RemoteWebElement.execute(RemoteWebElement.java:224)
	at org.openqa.selenium.remote.RemoteWebElement.click(RemoteWebElement.java:77)
	at org.openqa.selenium.support.pagefactory.internal.LocatingElementHandler.invoke(LocatingElementHandler.java:51)
	at com.sun.proxy.$Proxy28.click(Unknown Source)
	at capstone.pharmeasy.po.OrderValuePO.addtoCart(OrderValuePO.java:70)
	at capstone.pharmeasy.pim.PharmeasyTest.pharmeasyOrderFromValuetest(PharmeasyTest.java:72)
	at java.base/java.util.ArrayList.forEach(ArrayList.java:1541)
... Removed 34 stack frames</pre></div><a href='#' onClick='toggleBox("stack-trace1386903362", this, "Click to show all stack frames", "Click to hide stack frames")'>Click to show all stack frames</a>
<div class='stack-trace' id='stack-trace1386903362'><pre>org.openqa.selenium.ElementClickInterceptedException: element click intercepted: Element &lt;li class=&quot;MuiButtonBase-root MuiListItem-root MuiMenuItem-root Select_listRoot__QBKiS QuantitySelector_menuItemsRoot__XWmq1 MuiMenuItem-gutters MuiListItem-gutters MuiListItem-button&quot; tabindex=&quot;0&quot; role=&quot;option&quot; aria-disabled=&quot;false&quot; data-value=&quot;1&quot;&gt;...&lt;/li&gt; is not clickable at point (89, 325). Other element would receive the click: &lt;li class=&quot;MuiButtonBase-root MuiListItem-root MuiMenuItem-root Select_listRoot__QBKiS QuantitySelector_menuItemsRoot__XWmq1 MuiMenuItem-gutters MuiListItem-gutters MuiListItem-button&quot; tabindex=&quot;-1&quot; role=&quot;option&quot; aria-disabled=&quot;false&quot; data-value=&quot;3&quot;&gt;...&lt;/li&gt;
  (Session info: MicrosoftEdge=123.0.2420.81)
Build info: version: &apos;4.13.0&apos;, revision: &apos;ba948ece5b*&apos;
System info: os.name: &apos;Windows 11&apos;, os.arch: &apos;amd64&apos;, os.version: &apos;10.0&apos;, java.version: &apos;11.0.22&apos;
Driver info: org.openqa.selenium.edge.EdgeDriver
Command: [9a079824632424e0529b008a3c170f9d, clickElement {id=f.ABDF7E8D3D11AB75AA2F14EF069544D0.d.39AECE41A258A470B86850EE9DBD7F63.e.952}]
Capabilities {acceptInsecureCerts: false, browserName: MicrosoftEdge, browserVersion: 123.0.2420.81, fedcm:accounts: true, ms:edgeOptions: {debuggerAddress: localhost:59952}, msedge: {msedgedriverVersion: 123.0.2420.81 (8acdca46cf48..., userDataDir: C:\Users\p1357920\AppData\L...}, networkConnectionEnabled: false, pageLoadStrategy: normal, platformName: windows, proxy: Proxy(), se:cdp: ws://localhost:59952/devtoo..., se:cdpVersion: 123.0.2420.81, setWindowRect: true, strictFileInteractability: false, timeouts: {implicit: 0, pageLoad: 300000, script: 30000}, unhandledPromptBehavior: dismiss and notify, webauthn:extension:credBlob: true, webauthn:extension:largeBlob: true, webauthn:extension:minPinLength: true, webauthn:extension:prf: true, webauthn:virtualAuthenticators: true}
Element: [[EdgeDriver: MicrosoftEdge on windows (9a079824632424e0529b008a3c170f9d)] -&gt; xpath: //li[normalize-space()=&apos;1&apos;]]
Session ID: 9a079824632424e0529b008a3c170f9d
	at java.base/jdk.internal.reflect.NativeConstructorAccessorImpl.newInstance0(Native Method)
	at java.base/jdk.internal.reflect.NativeConstructorAccessorImpl.newInstance(NativeConstructorAccessorImpl.java:62)
	at java.base/jdk.internal.reflect.DelegatingConstructorAccessorImpl.newInstance(DelegatingConstructorAccessorImpl.java:45)
	at java.base/java.lang.reflect.Constructor.newInstance(Constructor.java:490)
	at org.openqa.selenium.remote.codec.w3c.W3CHttpResponseCodec.createException(W3CHttpResponseCodec.java:200)
	at org.openqa.selenium.remote.codec.w3c.W3CHttpResponseCodec.decode(W3CHttpResponseCodec.java:133)
	at org.openqa.selenium.remote.codec.w3c.W3CHttpResponseCodec.decode(W3CHttpResponseCodec.java:52)
	at org.openqa.selenium.remote.HttpCommandExecutor.execute(HttpCommandExecutor.java:191)
	at org.openqa.selenium.remote.service.DriverCommandExecutor.invokeExecute(DriverCommandExecutor.java:196)
	at org.openqa.selenium.remote.service.DriverCommandExecutor.execute(DriverCommandExecutor.java:171)
	at org.openqa.selenium.remote.RemoteWebDriver.execute(RemoteWebDriver.java:602)
	at org.openqa.selenium.remote.RemoteWebElement.execute(RemoteWebElement.java:224)
	at org.openqa.selenium.remote.RemoteWebElement.click(RemoteWebElement.java:77)
	at jdk.internal.reflect.GeneratedMethodAccessor1.invoke(Unknown Source)
	at java.base/jdk.internal.reflect.DelegatingMethodAccessorImpl.invoke(DelegatingMethodAccessorImpl.java:43)
	at java.base/java.lang.reflect.Method.invoke(Method.java:566)
	at org.openqa.selenium.support.pagefactory.internal.LocatingElementHandler.invoke(LocatingElementHandler.java:51)
	at com.sun.proxy.$Proxy28.click(Unknown Source)
	at capstone.pharmeasy.po.OrderValuePO.addtoCart(OrderValuePO.java:70)
	at capstone.pharmeasy.pim.PharmeasyTest.pharmeasyOrderFromValuetest(PharmeasyTest.java:72)
	at java.base/jdk.internal.reflect.NativeMethodAccessorImpl.invoke0(Native Method)
	at java.base/jdk.internal.reflect.NativeMethodAccessorImpl.invoke(NativeMethodAccessorImpl.java:62)
	at java.base/jdk.internal.reflect.DelegatingMethodAccessorImpl.invoke(DelegatingMethodAccessorImpl.java:43)
	at java.base/java.lang.reflect.Method.invoke(Method.java:566)
	at org.testng.internal.MethodInvocationHelper.invokeMethod(MethodInvocationHelper.java:133)
	at org.testng.internal.TestInvoker.invokeMethod(TestInvoker.java:584)
	at org.testng.internal.TestInvoker.invokeTestMethod(TestInvoker.java:172)
	at org.testng.internal.MethodRunner.runInSequence(MethodRunner.java:46)
	at org.testng.internal.TestInvoker$MethodInvocationAgent.invoke(TestInvoker.java:804)
	at org.testng.internal.TestInvoker.invokeTestMethods(TestInvoker.java:145)
	at org.testng.internal.TestMethodWorker.invokeTestMethods(TestMethodWorker.java:146)
	at org.testng.internal.TestMethodWorker.run(TestMethodWorker.java:128)
	at java.base/java.util.ArrayList.forEach(ArrayList.java:1541)
	at org.testng.TestRunner.privateRun(TestRunner.java:770)
	at org.testng.TestRunner.run(TestRunner.java:591)
	at org.testng.SuiteRunner.runTest(SuiteRunner.java:402)
	at org.testng.SuiteRunner.runSequentially(SuiteRunner.java:396)
	at org.testng.SuiteRunner.privateRun(SuiteRunner.java:355)
	at org.testng.SuiteRunner.run(SuiteRunner.java:304)
	at org.testng.SuiteRunnerWorker.runSuite(SuiteRunnerWorker.java:53)
	at org.testng.SuiteRunnerWorker.run(SuiteRunnerWorker.java:96)
	at org.testng.TestNG.runSuitesSequentially(TestNG.java:1180)
	at org.testng.TestNG.runSuitesLocally(TestNG.java:1102)
	at org.testng.TestNG.runSuites(TestNG.java:1032)
	at org.testng.TestNG.run(TestNG.java:1000)
	at org.testng.remote.AbstractRemoteTestNG.run(AbstractRemoteTestNG.java:115)
	at org.testng.remote.RemoteTestNG.initAndRun(RemoteTestNG.java:251)
	at org.testng.remote.RemoteTestNG.main(RemoteTestNG.java:77)
</pre></div></td>
<td>16</td>
<td>capstone.pharmeasy.pim.PharmeasyTest@2ddc9a9f</td></tr>
</table><p>
<table width='100%' border='1' class='invocation-passed'>
<tr><td colspan='4' align='center'><b>PASSED TESTS</b></td></tr>
<tr><td><b>Test method</b></td>
<td width="30%"><b>Exception</b></td>
<td width="10%"><b>Time (seconds)</b></td>
<td><b>Instance</b></td>
</tr>
<tr>
<td title='capstone.pharmeasy.pim.CartPageTest.AddToCart()'><b>AddToCart</b><br>Test class: capstone.pharmeasy.pim.CartPageTest</td>
<td></td>
<td>16</td>
<td>capstone.pharmeasy.pim.CartPageTest@298a5e20</td></tr>
<tr>
<td title='capstone.pharmeasy.pim.PartnerTest.BlankFields()'><b>BlankFields</b><br>Test class: capstone.pharmeasy.pim.PartnerTest<br>Parameters: null, 8367337635, dummy56@gmail.com, 411057</td>
<td></td>
<td>24</td>
<td>capstone.pharmeasy.pim.PartnerTest@2e385cce</td></tr>
<tr>
<td title='capstone.pharmeasy.pim.CartPageTest.RemoveCart()'><b>RemoveCart</b><br>Test class: capstone.pharmeasy.pim.CartPageTest</td>
<td></td>
<td>3</td>
<td>capstone.pharmeasy.pim.CartPageTest@298a5e20</td></tr>
<tr>
<td title='capstone.pharmeasy.pim.Carrers_Search.SearchResultsBlankInputs()'><b>SearchResultsBlankInputs</b><br>Test class: capstone.pharmeasy.pim.Carrers_Search</td>
<td></td>
<td>22</td>
<td>capstone.pharmeasy.pim.Carrers_Search@3e27aa33</td></tr>
<tr>
<td title='capstone.pharmeasy.pim.Carrers_Search.SearchResultsValidInputs()'><b>SearchResultsValidInputs</b><br>Test class: capstone.pharmeasy.pim.Carrers_Search</td>
<td></td>
<td>27</td>
<td>capstone.pharmeasy.pim.Carrers_Search@3e27aa33</td></tr>
<tr>
<td title='capstone.pharmeasy.pim.PartnerTest.ValidFileds()'><b>ValidFileds</b><br>Test class: capstone.pharmeasy.pim.PartnerTest<br>Parameters: Charan, 8367337635, dummy56@gmail.com, 411057</td>
<td></td>
<td>25</td>
<td>capstone.pharmeasy.pim.PartnerTest@2e385cce</td></tr>
<tr>
<td title='capstone.pharmeasy.pim.HomePageTest.check_invalid_deliverycode()'><b>check_invalid_deliverycode</b><br>Test class: capstone.pharmeasy.pim.HomePageTest</td>
<td></td>
<td>15</td>
<td>capstone.pharmeasy.pim.HomePageTest@2a7f1f10</td></tr>
<tr>
<td title='capstone.pharmeasy.pim.HomePageTest.check_notinservice_deliverycode()'><b>check_notinservice_deliverycode</b><br>Test class: capstone.pharmeasy.pim.HomePageTest</td>
<td></td>
<td>12</td>
<td>capstone.pharmeasy.pim.HomePageTest@2a7f1f10</td></tr>
<tr>
<td title='capstone.pharmeasy.pim.HomePageTest.check_valid_deliverycode()'><b>check_valid_deliverycode</b><br>Test class: capstone.pharmeasy.pim.HomePageTest</td>
<td></td>
<td>5</td>
<td>capstone.pharmeasy.pim.HomePageTest@2a7f1f10</td></tr>
<tr>
<td title='capstone.pharmeasy.pim.PharmeasyTest.featureBrandtest()'><b>featureBrandtest</b><br>Test class: capstone.pharmeasy.pim.PharmeasyTest</td>
<td></td>
<td>9</td>
<td>capstone.pharmeasy.pim.PharmeasyTest@2ddc9a9f</td></tr>
<tr>
<td title='capstone.pharmeasy.pim.PharmeasyTest.pharmeasySearchtest()'><b>pharmeasySearchtest</b><br>Test class: capstone.pharmeasy.pim.PharmeasyTest</td>
<td></td>
<td>7</td>
<td>capstone.pharmeasy.pim.PharmeasyTest@2ddc9a9f</td></tr>
</table><p>
<table width='100%' border='1' class='invocation-skipped'>
<tr><td colspan='4' align='center'><b>SKIPPED TESTS</b></td></tr>
<tr><td><b>Test method</b></td>
<td width="30%"><b>Exception</b></td>
<td width="10%"><b>Time (seconds)</b></td>
<td><b>Instance</b></td>
</tr>
<tr>
<td title='capstone.pharmeasy.pim.PharmeasyTest.testFileUpload()'><b>testFileUpload</b><br>Test class: capstone.pharmeasy.pim.PharmeasyTest</td>
<td><div><pre>java.lang.NullPointerException
	at capstone.pharmeasy.utils.TestUtility.capturescreenshot(TestUtility.java:16)
	at capstone.pharmeasy.reports.CustomReports.finishReportAfterTest(CustomReports.java:38)
	at capstone.pharmeasy.pim.Browser.afterMethod(Browser.java:56)
	at java.base/java.util.ArrayList.forEach(ArrayList.java:1541)
... Removed 32 stack frames</pre></div><a href='#' onClick='toggleBox("stack-trace231055042", this, "Click to show all stack frames", "Click to hide stack frames")'>Click to show all stack frames</a>
<div class='stack-trace' id='stack-trace231055042'><pre>java.lang.NullPointerException
	at capstone.pharmeasy.utils.TestUtility.capturescreenshot(TestUtility.java:16)
	at capstone.pharmeasy.reports.CustomReports.finishReportAfterTest(CustomReports.java:38)
	at capstone.pharmeasy.pim.Browser.afterMethod(Browser.java:56)
	at java.base/jdk.internal.reflect.NativeMethodAccessorImpl.invoke0(Native Method)
	at java.base/jdk.internal.reflect.NativeMethodAccessorImpl.invoke(NativeMethodAccessorImpl.java:62)
	at java.base/jdk.internal.reflect.DelegatingMethodAccessorImpl.invoke(DelegatingMethodAccessorImpl.java:43)
	at java.base/java.lang.reflect.Method.invoke(Method.java:566)
	at org.testng.internal.MethodInvocationHelper.invokeMethod(MethodInvocationHelper.java:133)
	at org.testng.internal.MethodInvocationHelper.invokeMethodConsideringTimeout(MethodInvocationHelper.java:62)
	at org.testng.internal.ConfigInvoker.invokeConfigurationMethod(ConfigInvoker.java:340)
	at org.testng.internal.ConfigInvoker.invokeConfigurations(ConfigInvoker.java:294)
	at org.testng.internal.TestInvoker.runConfigMethods(TestInvoker.java:683)
	at org.testng.internal.TestInvoker.runAfterGroupsConfigurations(TestInvoker.java:658)
	at org.testng.internal.TestInvoker.invokeMethod(TestInvoker.java:642)
	at org.testng.internal.TestInvoker.invokeTestMethod(TestInvoker.java:172)
	at org.testng.internal.MethodRunner.runInSequence(MethodRunner.java:46)
	at org.testng.internal.TestInvoker$MethodInvocationAgent.invoke(TestInvoker.java:804)
	at org.testng.internal.TestInvoker.invokeTestMethods(TestInvoker.java:145)
	at org.testng.internal.TestMethodWorker.invokeTestMethods(TestMethodWorker.java:146)
	at org.testng.internal.TestMethodWorker.run(TestMethodWorker.java:128)
	at java.base/java.util.ArrayList.forEach(ArrayList.java:1541)
	at org.testng.TestRunner.privateRun(TestRunner.java:770)
	at org.testng.TestRunner.run(TestRunner.java:591)
	at org.testng.SuiteRunner.runTest(SuiteRunner.java:402)
	at org.testng.SuiteRunner.runSequentially(SuiteRunner.java:396)
	at org.testng.SuiteRunner.privateRun(SuiteRunner.java:355)
	at org.testng.SuiteRunner.run(SuiteRunner.java:304)
	at org.testng.SuiteRunnerWorker.runSuite(SuiteRunnerWorker.java:53)
	at org.testng.SuiteRunnerWorker.run(SuiteRunnerWorker.java:96)
	at org.testng.TestNG.runSuitesSequentially(TestNG.java:1180)
	at org.testng.TestNG.runSuitesLocally(TestNG.java:1102)
	at org.testng.TestNG.runSuites(TestNG.java:1032)
	at org.testng.TestNG.run(TestNG.java:1000)
	at org.testng.remote.AbstractRemoteTestNG.run(AbstractRemoteTestNG.java:115)
	at org.testng.remote.RemoteTestNG.initAndRun(RemoteTestNG.java:251)
	at org.testng.remote.RemoteTestNG.main(RemoteTestNG.java:77)
</pre></div></td>
<td>0</td>
<td>capstone.pharmeasy.pim.PharmeasyTest@2ddc9a9f</td></tr>
</table><p>
</body>
</html>