<?xml version="1.0" encoding="UTF-8"?>
<!-- Generated by org.testng.reporters.JUnitXMLReporter -->
<testsuite ignored="8" hostname="NCSIN0HH81KT2C0" failures="1" tests="13" name="Testng" time="313.017" errors="0" timestamp="2024-04-11T11:11:36 IST">
  <testcase classname="capstone.pharmeasy.pim.Browser" name="@AfterMethod afterMethod" time="3.013">
    <failure type="java.lang.NullPointerException" message="Cannot invoke &amp;quot;org.openqa.selenium.TakesScreenshot.getScreenshotAs(org.openqa.selenium.OutputType)&amp;quot; because &amp;quot;driver&amp;quot; is null">
      <![CDATA[java.lang.NullPointerException: Cannot invoke "org.openqa.selenium.TakesScreenshot.getScreenshotAs(org.openqa.selenium.OutputType)" because "driver" is null
at capstone.pharmeasy.utils.TestUtility.capturescreenshot(TestUtility.java:16)
at capstone.pharmeasy.reports.CustomReports.finishReportAfterTest(CustomReports.java:38)
at capstone.pharmeasy.pim.Browser.afterMethod(Browser.java:56)
at java.base/java.util.ArrayList.forEach(ArrayList.java:1511)
... Removed 32 stack frames]]>
    </failure>
  </testcase> <!-- @AfterMethod afterMethod -->
  <testcase classname="capstone.pharmeasy.pim.Browser" name="@AfterClass afterClass" time="-1.712814095158E9">
    <skipped/>
  </testcase> <!-- @AfterClass afterClass -->
  <testcase classname="capstone.pharmeasy.pim.Carrers_Search" name="SearchResultsValidInputs" time="24.701"/>
  <testcase classname="capstone.pharmeasy.pim.Carrers_Search" name="SearchResultsBlankInputs" time="22.418"/>
  <testcase classname="capstone.pharmeasy.pim.PartnerTest" name="ValidFileds" time="22.882"/>
  <testcase classname="capstone.pharmeasy.pim.PartnerTest" name="BlankFields" time="24.384"/>
  <testcase classname="capstone.pharmeasy.pim.PharmeasyTest" name="pharmeasySearchtest" time="7.184"/>
  <testcase classname="capstone.pharmeasy.pim.PharmeasyTest" name="featureBrandtest" time="10.359"/>
  <testcase classname="capstone.pharmeasy.pim.PharmeasyTest" name="pharmeasyOrderFromValuetest" time="13.713"/>
  <testcase classname="capstone.pharmeasy.pim.PharmeasyTest" name="testFileUpload" time="23.29"/>
  <testcase classname="capstone.pharmeasy.pim.CartPageTest" name="AddToCart" time="15.519"/>
  <testcase classname="capstone.pharmeasy.pim.CartPageTest" name="RemoveCart" time="3.825"/>
  <testcase classname="capstone.pharmeasy.pim.HomePageTest" name="check_valid_deliverycode" time="6.034"/>
  <testcase classname="capstone.pharmeasy.pim.HomePageTest" name="check_invalid_deliverycode" time="15.862"/>
  <testcase classname="capstone.pharmeasy.pim.HomePageTest" name="check_notinservice_deliverycode" time="4.027">
    <failure type="org.openqa.selenium.StaleElementReferenceException" message="stale element reference: stale element not found
  (Session info: MicrosoftEdge=123.0.2420.81)
For documentation on this error, please visit: https://www.selenium.dev/documentation/webdriver/troubleshooting/errors#stale-element-reference-exception
Build info: version: &amp;apos;4.13.0&amp;apos;, revision: &amp;apos;ba948ece5b*&amp;apos;
System info: os.name: &amp;apos;Windows 10&amp;apos;, os.arch: &amp;apos;amd64&amp;apos;, os.version: &amp;apos;10.0&amp;apos;, java.version: &amp;apos;17.0.10&amp;apos;
Driver info: org.openqa.selenium.edge.EdgeDriver
Command: [995dd684c22631a144fa1cf5f0340894, clickElement {id=f.E08EC62859AA5725F62EF83C70D4CF3E.d.7EB37ED2FD16C90E02EBE6336453891B.e.345}]
Capabilities {acceptInsecureCerts: false, browserName: MicrosoftEdge, browserVersion: 123.0.2420.81, fedcm:accounts: true, ms:edgeOptions: {debuggerAddress: localhost:50039}, msedge: {msedgedriverVersion: 123.0.2420.81 (8acdca46cf48..., userDataDir: C:\Users\P1357913\AppData\L...}, networkConnectionEnabled: false, pageLoadStrategy: normal, platformName: windows, proxy: Proxy(), se:cdp: ws://localhost:50039/devtoo..., se:cdpVersion: 123.0.2420.81, setWindowRect: true, strictFileInteractability: false, timeouts: {implicit: 0, pageLoad: 300000, script: 30000}, unhandledPromptBehavior: dismiss and notify, webauthn:extension:credBlob: true, webauthn:extension:largeBlob: true, webauthn:extension:minPinLength: true, webauthn:extension:prf: true, webauthn:virtualAuthenticators: true}
Element: [[EdgeDriver: MicrosoftEdge on windows (995dd684c22631a144fa1cf5f0340894)] -&amp;gt; css selector: .c-PJLV.c-bXbWpx.c-bXbWpx-ijZCdNJ-css]
Session ID: 995dd684c22631a144fa1cf5f0340894">
      <![CDATA[org.openqa.selenium.StaleElementReferenceException: stale element reference: stale element not found
  (Session info: MicrosoftEdge=123.0.2420.81)
For documentation on this error, please visit: https://www.selenium.dev/documentation/webdriver/troubleshooting/errors#stale-element-reference-exception
Build info: version: '4.13.0', revision: 'ba948ece5b*'
System info: os.name: 'Windows 10', os.arch: 'amd64', os.version: '10.0', java.version: '17.0.10'
Driver info: org.openqa.selenium.edge.EdgeDriver
Command: [995dd684c22631a144fa1cf5f0340894, clickElement {id=f.E08EC62859AA5725F62EF83C70D4CF3E.d.7EB37ED2FD16C90E02EBE6336453891B.e.345}]
Capabilities {acceptInsecureCerts: false, browserName: MicrosoftEdge, browserVersion: 123.0.2420.81, fedcm:accounts: true, ms:edgeOptions: {debuggerAddress: localhost:50039}, msedge: {msedgedriverVersion: 123.0.2420.81 (8acdca46cf48..., userDataDir: C:\Users\P1357913\AppData\L...}, networkConnectionEnabled: false, pageLoadStrategy: normal, platformName: windows, proxy: Proxy(), se:cdp: ws://localhost:50039/devtoo..., se:cdpVersion: 123.0.2420.81, setWindowRect: true, strictFileInteractability: false, timeouts: {implicit: 0, pageLoad: 300000, script: 30000}, unhandledPromptBehavior: dismiss and notify, webauthn:extension:credBlob: true, webauthn:extension:largeBlob: true, webauthn:extension:minPinLength: true, webauthn:extension:prf: true, webauthn:virtualAuthenticators: true}
Element: [[EdgeDriver: MicrosoftEdge on windows (995dd684c22631a144fa1cf5f0340894)] -> css selector: .c-PJLV.c-bXbWpx.c-bXbWpx-ijZCdNJ-css]
Session ID: 995dd684c22631a144fa1cf5f0340894
at org.openqa.selenium.remote.codec.w3c.W3CHttpResponseCodec.createException(W3CHttpResponseCodec.java:200)
at org.openqa.selenium.remote.codec.w3c.W3CHttpResponseCodec.decode(W3CHttpResponseCodec.java:133)
at org.openqa.selenium.remote.codec.w3c.W3CHttpResponseCodec.decode(W3CHttpResponseCodec.java:52)
at org.openqa.selenium.remote.HttpCommandExecutor.execute(HttpCommandExecutor.java:191)
at org.openqa.selenium.remote.service.DriverCommandExecutor.invokeExecute(DriverCommandExecutor.java:196)
at org.openqa.selenium.remote.service.DriverCommandExecutor.execute(DriverCommandExecutor.java:171)
at org.openqa.selenium.remote.RemoteWebDriver.execute(RemoteWebDriver.java:602)
at org.openqa.selenium.remote.RemoteWebElement.execute(RemoteWebElement.java:224)
at org.openqa.selenium.remote.RemoteWebElement.click(RemoteWebElement.java:77)
at org.openqa.selenium.support.pagefactory.internal.LocatingElementHandler.invoke(LocatingElementHandler.java:51)
at jdk.proxy2/jdk.proxy2.$Proxy29.click(Unknown Source)
at capstone.pharmeasy.po.HomePage.Clickoncross(HomePage.java:50)
at capstone.pharmeasy.pim.HomePageTest.check_notinservice_deliverycode(HomePageTest.java:61)
at java.base/java.util.ArrayList.forEach(ArrayList.java:1511)
... Removed 35 stack frames]]>
    </failure>
  </testcase> <!-- check_notinservice_deliverycode -->
  <testcase classname="capstone.pharmeasy.pim.Browser" name="@AfterTest afterTest" time="0.0">
    <ignored/>
  </testcase> <!-- @AfterTest afterTest -->
  <testcase classname="capstone.pharmeasy.pim.Browser" name="@AfterTest afterTest" time="0.0">
    <ignored/>
  </testcase> <!-- @AfterTest afterTest -->
  <testcase classname="capstone.pharmeasy.pim.Browser" name="@AfterTest afterTest" time="0.0">
    <ignored/>
  </testcase> <!-- @AfterTest afterTest -->
  <testcase classname="capstone.pharmeasy.pim.Browser" name="@AfterTest afterTest" time="0.0">
    <ignored/>
  </testcase> <!-- @AfterTest afterTest -->
  <testcase classname="capstone.pharmeasy.pim.Browser" name="@BeforeTest beforeTest" time="0.0">
    <ignored/>
  </testcase> <!-- @BeforeTest beforeTest -->
  <testcase classname="capstone.pharmeasy.pim.Browser" name="@BeforeTest beforeTest" time="0.0">
    <ignored/>
  </testcase> <!-- @BeforeTest beforeTest -->
  <testcase classname="capstone.pharmeasy.pim.Browser" name="@BeforeTest beforeTest" time="0.0">
    <ignored/>
  </testcase> <!-- @BeforeTest beforeTest -->
  <testcase classname="capstone.pharmeasy.pim.Browser" name="@BeforeTest beforeTest" time="0.0">
    <ignored/>
  </testcase> <!-- @BeforeTest beforeTest -->
</testsuite> <!-- Testng -->
